<?xml version="1.0" encoding="UTF-8"?>
<testng-results skipped="0" failed="1" ignored="0" total="3" passed="2">
  <reporter-output>
  </reporter-output>
  <suite name="Default suite" duration-ms="13459" started-at="2018-06-02T09:34:25Z" finished-at="2018-06-02T09:34:39Z">
    <groups>
    </groups>
    <test name="Default test" duration-ms="13459" started-at="2018-06-02T09:34:25Z" finished-at="2018-06-02T09:34:39Z">
      <class name="com.qa.test.HomePage_PreloginTest">
        <test-method status="PASS" signature="initializationNew()[pri:0, instance:com.qa.test.HomePage_PreloginTest@12c8a2c0]" name="initializationNew" is-config="true" duration-ms="93006" started-at="2018-06-02T15:02:52Z" finished-at="2018-06-02T15:04:25Z">
          <reporter-output>
          </reporter-output>
        </test-method> <!-- initializationNew -->
        <test-method status="PASS" signature="HomePage_Prelogin1()[pri:1, instance:com.qa.test.HomePage_PreloginTest@12c8a2c0]" name="HomePage_Prelogin1" duration-ms="43" started-at="2018-06-02T15:04:25Z" finished-at="2018-06-02T15:04:25Z">
          <reporter-output>
          </reporter-output>
        </test-method> <!-- HomePage_Prelogin1 -->
        <test-method status="PASS" signature="homePage_LogoDisplayed()[pri:2, instance:com.qa.test.HomePage_PreloginTest@12c8a2c0]" name="homePage_LogoDisplayed" duration-ms="95" started-at="2018-06-02T15:04:25Z" finished-at="2018-06-02T15:04:25Z">
          <reporter-output>
          </reporter-output>
        </test-method> <!-- homePage_LogoDisplayed -->
        <test-method status="FAIL" signature="click_Sugnup_at_LoginScren()[pri:3, instance:com.qa.test.HomePage_PreloginTest@12c8a2c0]" name="click_Sugnup_at_LoginScren" duration-ms="13251" started-at="2018-06-02T15:04:25Z" finished-at="2018-06-02T15:04:39Z">
          <exception class="org.openqa.selenium.NoSuchElementException">
            <message>
              <![CDATA[no such element: Unable to locate element: {"method":"xpath","selector":"//a[@class='GN-button__root GN-myAccountStyles__loginButton GN-button__fluid GN-button__sm GN-button__home24']"}  (Session info: chrome=66.0.3359.181)  (Driver info: chromedriver=2.39.562718 (9a2698cba08cf5a471a29d30c8b3e12becabb0e9),platform=Windows NT 10.0.16299 x86_64) (WARNING: The server did not provide any stacktrace information)Command duration or timeout: 0 millisecondsFor documentation on this error, please visit: http://seleniumhq.org/exceptions/no_such_element.htmlBuild info: version: '3.5.3', revision: 'a88d25fe6b', time: '2017-08-29T12:42:44.417Z'System info: host: 'SIRAJJAFRI', ip: '192.168.24.2', os.name: 'Windows 10', os.arch: 'amd64', os.version: '10.0', java.version: '1.8.0_131'Driver info: org.openqa.selenium.chrome.ChromeDriverCapabilities [{mobileEmulationEnabled=false, hasTouchScreen=false, platform=XP, acceptSslCerts=false, acceptInsecureCerts=false, webStorageEnabled=true, browserName=chrome, takesScreenshot=true, javascriptEnabled=true, platformName=XP, setWindowRect=true, unexpectedAlertBehaviour=, applicationCacheEnabled=false, rotatable=false, networkConnectionEnabled=false, chrome={chromedriverVersion=2.39.562718 (9a2698cba08cf5a471a29d30c8b3e12becabb0e9), userDataDir=C:\Users\SIRAJJ~1\AppData\Local\Temp\scoped_dir14124_25147}, takesHeapSnapshot=true, pageLoadStrategy=normal, unhandledPromptBehavior=, databaseEnabled=false, handlesAlerts=true, version=66.0.3359.181, browserConnectionEnabled=false, nativeEvents=true, locationContextEnabled=true, cssSelectorsEnabled=true}]Session ID: c948ad055fd1fca2adfae9e00c148d05*** Element info: {Using=xpath, value=//a[@class='GN-button__root GN-myAccountStyles__loginButton GN-button__fluid GN-button__sm GN-button__home24']}]]>
            </message>
            <full-stacktrace>
              <![CDATA[org.openqa.selenium.NoSuchElementException: no such element: Unable to locate element: {"method":"xpath","selector":"//a[@class='GN-button__root GN-myAccountStyles__loginButton GN-button__fluid GN-button__sm GN-button__home24']"}  (Session info: chrome=66.0.3359.181)  (Driver info: chromedriver=2.39.562718 (9a2698cba08cf5a471a29d30c8b3e12becabb0e9),platform=Windows NT 10.0.16299 x86_64) (WARNING: The server did not provide any stacktrace information)Command duration or timeout: 0 millisecondsFor documentation on this error, please visit: http://seleniumhq.org/exceptions/no_such_element.htmlBuild info: version: '3.5.3', revision: 'a88d25fe6b', time: '2017-08-29T12:42:44.417Z'System info: host: 'SIRAJJAFRI', ip: '192.168.24.2', os.name: 'Windows 10', os.arch: 'amd64', os.version: '10.0', java.version: '1.8.0_131'Driver info: org.openqa.selenium.chrome.ChromeDriverCapabilities [{mobileEmulationEnabled=false, hasTouchScreen=false, platform=XP, acceptSslCerts=false, acceptInsecureCerts=false, webStorageEnabled=true, browserName=chrome, takesScreenshot=true, javascriptEnabled=true, platformName=XP, setWindowRect=true, unexpectedAlertBehaviour=, applicationCacheEnabled=false, rotatable=false, networkConnectionEnabled=false, chrome={chromedriverVersion=2.39.562718 (9a2698cba08cf5a471a29d30c8b3e12becabb0e9), userDataDir=C:\Users\SIRAJJ~1\AppData\Local\Temp\scoped_dir14124_25147}, takesHeapSnapshot=true, pageLoadStrategy=normal, unhandledPromptBehavior=, databaseEnabled=false, handlesAlerts=true, version=66.0.3359.181, browserConnectionEnabled=false, nativeEvents=true, locationContextEnabled=true, cssSelectorsEnabled=true}]Session ID: c948ad055fd1fca2adfae9e00c148d05*** Element info: {Using=xpath, value=//a[@class='GN-button__root GN-myAccountStyles__loginButton GN-button__fluid GN-button__sm GN-button__home24']}at sun.reflect.NativeConstructorAccessorImpl.newInstance0(Native Method)at sun.reflect.NativeConstructorAccessorImpl.newInstance(NativeConstructorAccessorImpl.java:62)at sun.reflect.DelegatingConstructorAccessorImpl.newInstance(DelegatingConstructorAccessorImpl.java:45)at java.lang.reflect.Constructor.newInstance(Constructor.java:423)at org.openqa.selenium.remote.ErrorHandler.createThrowable(ErrorHandler.java:215)at org.openqa.selenium.remote.ErrorHandler.throwIfResponseFailed(ErrorHandler.java:167)at org.openqa.selenium.remote.http.JsonHttpResponseCodec.reconstructValue(JsonHttpResponseCodec.java:40)at org.openqa.selenium.remote.http.AbstractHttpResponseCodec.decode(AbstractHttpResponseCodec.java:82)at org.openqa.selenium.remote.http.AbstractHttpResponseCodec.decode(AbstractHttpResponseCodec.java:45)at org.openqa.selenium.remote.HttpCommandExecutor.execute(HttpCommandExecutor.java:164)at org.openqa.selenium.remote.service.DriverCommandExecutor.execute(DriverCommandExecutor.java:82)at org.openqa.selenium.remote.RemoteWebDriver.execute(RemoteWebDriver.java:646)at org.openqa.selenium.remote.RemoteWebDriver.findElement(RemoteWebDriver.java:416)at org.openqa.selenium.remote.RemoteWebDriver.findElementByXPath(RemoteWebDriver.java:518)at org.openqa.selenium.By$ByXPath.findElement(By.java:361)at org.openqa.selenium.remote.RemoteWebDriver.findElement(RemoteWebDriver.java:408)at org.openqa.selenium.support.pagefactory.DefaultElementLocator.findElement(DefaultElementLocator.java:69)at org.openqa.selenium.support.pagefactory.internal.LocatingElementHandler.invoke(LocatingElementHandler.java:38)at com.sun.proxy.$Proxy9.click(Unknown Source)at com.qa.pages.HomePage_Prelogin.signup(HomePage_Prelogin.java:77)at com.qa.test.HomePage_PreloginTest.click_Sugnup_at_LoginScren(HomePage_PreloginTest.java:59)at sun.reflect.NativeMethodAccessorImpl.invoke0(Native Method)at sun.reflect.NativeMethodAccessorImpl.invoke(NativeMethodAccessorImpl.java:62)at sun.reflect.DelegatingMethodAccessorImpl.invoke(DelegatingMethodAccessorImpl.java:43)at java.lang.reflect.Method.invoke(Method.java:498)at org.testng.internal.MethodInvocationHelper.invokeMethod(MethodInvocationHelper.java:124)at org.testng.internal.Invoker.invokeMethod(Invoker.java:571)at org.testng.internal.Invoker.invokeTestMethod(Invoker.java:707)at org.testng.internal.Invoker.invokeTestMethods(Invoker.java:979)at org.testng.internal.TestMethodWorker.invokeTestMethods(TestMethodWorker.java:125)at org.testng.internal.TestMethodWorker.run(TestMethodWorker.java:109)at org.testng.TestRunner.privateRun(TestRunner.java:648)at org.testng.TestRunner.run(TestRunner.java:505)at org.testng.SuiteRunner.runTest(SuiteRunner.java:455)at org.testng.SuiteRunner.runSequentially(SuiteRunner.java:450)at org.testng.SuiteRunner.privateRun(SuiteRunner.java:415)at org.testng.SuiteRunner.run(SuiteRunner.java:364)at org.testng.SuiteRunnerWorker.runSuite(SuiteRunnerWorker.java:52)at org.testng.SuiteRunnerWorker.run(SuiteRunnerWorker.java:84)at org.testng.TestNG.runSuitesSequentially(TestNG.java:1187)at org.testng.TestNG.runSuitesLocally(TestNG.java:1116)at org.testng.TestNG.runSuites(TestNG.java:1028)at org.testng.TestNG.run(TestNG.java:996)at org.testng.remote.AbstractRemoteTestNG.run(AbstractRemoteTestNG.java:114)at org.testng.remote.RemoteTestNG.initAndRun(RemoteTestNG.java:251)at org.testng.remote.RemoteTestNG.main(RemoteTestNG.java:77)]]>
            </full-stacktrace>
          </exception> <!-- org.openqa.selenium.NoSuchElementException -->
          <reporter-output>
          </reporter-output>
        </test-method> <!-- click_Sugnup_at_LoginScren -->
        <test-method status="PASS" signature="tearDown()[pri:0, instance:com.qa.test.HomePage_PreloginTest@12c8a2c0]" name="tearDown" is-config="true" duration-ms="809" started-at="2018-06-02T15:04:39Z" finished-at="2018-06-02T15:04:40Z">
          <reporter-output>
          </reporter-output>
        </test-method> <!-- tearDown -->
      </class> <!-- com.qa.test.HomePage_PreloginTest -->
    </test> <!-- Default test -->
  </suite> <!-- Default suite -->
</testng-results>
