<?xml version="1.0" encoding="UTF-8"?><testsuite failures="0" name="cucumber.runtime.formatter.JUnitFormatter" skipped="0" tests="2" time="100.450952">
<testcase classname="www.home24.de Registration scenario" name="Registering user on Home24" time="52.278904">
<system-out><![CDATA[Given User is on prelogin Home page.........................................passed
When title of the page is correct...........................................passed
Then Clicks on Signin button................................................passed
Then user redirects to registration page....................................passed
Then user clicks on Continue button and enters "Siraj", "Jafri", "Church road", "20801", "Bermingham", "mlp@gmail.com", "Test@123", "Test@123" and clicks Continue button.passed
Then user redirects to Home page post login.................................passed
Then user logs out from homepage post login.................................passed
Then close the browser......................................................passed
]]></system-out>
</testcase>
<testcase classname="www.home24.de Registration scenario" name="Registering user on Home24 2" time="48.172048">
<system-out><![CDATA[Given User is on prelogin Home page.........................................passed
When title of the page is correct...........................................passed
Then Clicks on Signin button................................................passed
Then user redirects to registration page....................................passed
Then user clicks on Continue button and enters "Siraj", "Jafri", "Church road", "20801", "Bermingham", "nkp@gmail.com", "Test@123", "Test@123" and clicks Continue button.passed
Then user redirects to Home page post login.................................passed
Then user logs out from homepage post login.................................passed
Then close the browser......................................................passed
]]></system-out>
</testcase>
</testsuite>
